<?xml version="1.0" encoding="UTF-8"?>
<!-- Generated by org.testng.reporters.JUnitReportReporter -->
<testsuite hostname="VAIO" failures="0" tests="1" name="Test.ZerodhaLoginPageTest" time="9.495" errors="0" timestamp="2022-06-21T01:42:25 IST" skipped="0">
  <testcase classname="Test.ZerodhaLoginPageTest" name="loginWithValidCredentialsTest" time="9.495"/>
  <system-out/>
</testsuite> <!-- Test.ZerodhaLoginPageTest -->
